[2025-07-30 06:25:47] UEM.CRITICAL: 
--------------------------------------------------------------------------------
✦ UEM [WALLET_CREATION_FAILED]

Illuminate\Database\UniqueConstraintViolationException:
SQLSTATE[23000]: Integrity constraint violation: 1062 Duplicate entry 'pending_wallet_address' for key 'wallets.wallets_wallet_unique' (Connection: mysql, SQL: insert into `wallets` (`collection_id`, `user_id`, `wallet`, `royalty_mint`, `royalty_rebind`, `platform_role`, `updated_at`, `created_at`) values (10, 10, pending_wallet_address, 70, 4.5, Creator, 2025-07-30 06:25:47, 2025-07-30 06:25:47))

File: packages/ultra/egi-module/src/Services/WalletService.php:253

Context {
  {
      "collection_id": 10,
      "user_id": 10,
      "royalty_mint": 70,
      "royalty_rebind": 4.5,
      "platform_role": "Creator",
      "error_message": "SQLSTATE[23000]: Integrity constraint violation: 1062 Duplicate entry 'pending_wallet_address' for key 'wallets.wallets_wallet_unique' (Connection: mysql, SQL: insert into `wallets` (`collection_id`, `user_id`, `wallet`, `royalty_mint`, `royalty_rebind`, `platform_role`, `updated_at`, `created_at`) values (10, 10, pending_wallet_address, 70, 4.5, Creator, 2025-07-30 06:25:47, 2025-07-30 06:25:47))",
      "wallet_address_provided": false
  }
}
--------------------------------------------------------------------------------
[2025-07-30 06:25:47] UEM.CRITICAL: 
--------------------------------------------------------------------------------
✦ UEM [WALLET_CREATION_FAILED]

Ultra\ErrorManager\Exceptions\UltraErrorException:
Unable to setup the wallet for this collection. Please try again later.

File: packages/ultra/egi-module/src/Services/WalletService.php:277

Context {
  {
      "collection_id": 10,
      "user_id": 10,
      "collection_name": null,
      "error_message": "Unable to setup the wallet for this collection. Please try again later.",
      "error_code": 500
  }
}
--------------------------------------------------------------------------------
[2025-07-30 06:25:47] UEM.CRITICAL: 
--------------------------------------------------------------------------------
✦ UEM [UNDEFINED_ERROR_CODE]

Ultra\ErrorManager\Exceptions\UltraErrorException:
Unable to setup the wallet for this collection. Please try again later.

File: packages/ultra/egi-module/src/Services/WalletService.php:193

Context {
  {
      "creator_id": 10,
      "collection_name": "Fabio's Collection",
      "operation": "create_default_collection",
      "collection_id": 10,
      "collection_position": 1,
      "wallet_service_error": "Unable to setup the wallet for this collection. Please try again later.",
      "wallet_service_class": "Ultra\\ErrorManager\\Exceptions\\UltraErrorException",
      "_original_code": "COLLECTION_WALLET_ATTACHMENT_FAILED"
  }
}
--------------------------------------------------------------------------------
[2025-07-30 06:25:47] UEM.CRITICAL: 
--------------------------------------------------------------------------------
✦ UEM [COLLECTION_CREATION_FAILED]

Ultra\ErrorManager\Exceptions\UltraErrorException:
Si è verificato un errore imprevisto. Contatta il supporto se il problema persiste. [Rif: UNDEFINED]

File: app/Services/CollectionService.php:369

Context {
  {
      "creator_id": 10,
      "collection_name": "Fabio's Collection",
      "operation": "create_default_collection",
      "error_message": "Si è verificato un errore imprevisto. Contatta il supporto se il problema persiste. [Rif: UNDEFINED]",
      "error_class": "Ultra\\ErrorManager\\Exceptions\\UltraErrorException",
      "error_file": "/home/forge/default/vendor/ultra/ultra-error-manager/src/ErrorManager.php",
      "error_line": 454
  }
}
--------------------------------------------------------------------------------
[2025-07-30 06:25:47] UEM.CRITICAL: 
--------------------------------------------------------------------------------
✦ UEM [COLLECTION_FIND_CREATE_FAILED]

Ultra\ErrorManager\Exceptions\UltraErrorException:
Impossibile creare la tua collezione. Riprova più tardi o contatta il supporto.

File: app/Services/CollectionService.php:175

Context {
  {
      "operation": "find_or_create_user_collection",
      "ip_address": "188.217.49.224",
      "user_agent": "Mozilla/5.0 (Windows NT 10.0; Win64; x64) AppleWebKit/537.36 (KHTML, like Gecko) Chrome/138.0.0.0 Safari/537.36",
      "timestamp": "2025-07-30T06:25:46.939228Z",
      "user_type": "creator",
      "user_id": 10,
      "algorand_wallet": "C6RE5D3DLFZWWKOKMBWBT6NI2JXCQTLXKBYP4YLFOSAATCIRSSNDSDWVRS",
      "can_create_ecosystem": true,
      "custom_name": "Fabio's Arte",
      "created_via": "user_registration",
      "user_type_context": "creator",
      "creator_id": 10,
      "service": "App\\Services\\CollectionService",
      "error_message": "Impossibile creare la tua collezione. Riprova più tardi o contatta il supporto.",
      "error_class": "Ultra\\ErrorManager\\Exceptions\\UltraErrorException"
  }
}
--------------------------------------------------------------------------------
[2025-07-30 06:25:47] UEM.CRITICAL: 
--------------------------------------------------------------------------------
✦ UEM [UNDEFINED_ERROR_CODE]

Exception:
Failed to create ecosystem: Impossibile accedere alle tue collezioni. Riprova più tardi.

File: app/Http/Controllers/Auth/RegisteredUserController.php:137

Context {
  {
      "operation": "permission_based_user_registration",
      "ip_address": "188.217.49.224",
      "user_agent": "Mozilla/5.0 (Windows NT 10.0; Win64; x64) AppleWebKit/537.36 (KHTML, like Gecko) Chrome/138.0.0.0 Safari/537.36",
      "timestamp": "2025-07-30T06:25:46.939228Z",
      "user_type": "creator",
      "user_id": 10,
      "collection_id": null,
      "error": "Failed to create ecosystem: Impossibile accedere alle tue collezioni. Riprova più tardi.",
      "_original_code": "ECOSYSTEM_SETUP_FAILED"
  }
}
--------------------------------------------------------------------------------
